{"C:\\Users\\Admin\\OneDrive\\Desktop\\Qubited\\pms\\tamagui.config.ts": {"path":"C:\\Users\\Admin\\OneDrive\\Desktop\\Qubited\\pms\\tamagui.config.ts","statementMap":{"0":{"start":{"line":4,"column":29},"end":{"line":4,"column":50}}},"fnMap":{},"branchMap":{},"s":{"0":3},"f":{},"b":{},"_coverageSchema":"1a1c01bbd47fc00a2c39e90264f33305004495a9","hash":"017d7e181bd40753e092c7127763e64cecb5bebc"}
,"C:\\Users\\Admin\\OneDrive\\Desktop\\Qubited\\pms\\app\\+html.tsx": {"path":"C:\\Users\\Admin\\OneDrive\\Desktop\\Qubited\\pms\\app\\+html.tsx","statementMap":{"0":{"start":{"line":9,"column":2},"end":{"line":28,"column":4}},"1":{"start":{"line":31,"column":29},"end":{"line":39,"column":2}}},"fnMap":{"0":{"name":"Root","decl":{"start":{"line":8,"column":24},"end":{"line":8,"column":28}},"loc":{"start":{"line":8,"column":62},"end":{"line":29,"column":1}},"line":8}},"branchMap":{},"s":{"0":0,"1":0},"f":{"0":0},"b":{}}
,"C:\\Users\\Admin\\OneDrive\\Desktop\\Qubited\\pms\\app\\+not-found.tsx": {"path":"C:\\Users\\Admin\\OneDrive\\Desktop\\Qubited\\pms\\app\\+not-found.tsx","statementMap":{"0":{"start":{"line":8,"column":2},"end":{"line":18,"column":4}},"1":{"start":{"line":21,"column":15},"end":{"line":32,"column":2}}},"fnMap":{"0":{"name":"NotFoundScreen","decl":{"start":{"line":7,"column":24},"end":{"line":7,"column":38}},"loc":{"start":{"line":7,"column":41},"end":{"line":19,"column":1}},"line":7}},"branchMap":{},"s":{"0":0,"1":0},"f":{"0":0},"b":{}}
,"C:\\Users\\Admin\\OneDrive\\Desktop\\Qubited\\pms\\app\\_layout.tsx": {"path":"C:\\Users\\Admin\\OneDrive\\Desktop\\Qubited\\pms\\app\\_layout.tsx","statementMap":{"0":{"start":{"line":20,"column":0},"end":{"line":20,"column":36}},"1":{"start":{"line":23,"column":22},"end":{"line":23,"column":38}},"2":{"start":{"line":24,"column":19},"end":{"line":28,"column":4}},"3":{"start":{"line":30,"column":2},"end":{"line":34,"column":15}},"4":{"start":{"line":31,"column":4},"end":{"line":33,"column":5}},"5":{"start":{"line":32,"column":6},"end":{"line":32,"column":31}},"6":{"start":{"line":36,"column":2},"end":{"line":38,"column":3}},"7":{"start":{"line":37,"column":4},"end":{"line":37,"column":16}},"8":{"start":{"line":40,"column":2},"end":{"line":55,"column":4}}},"fnMap":{"0":{"name":"RootLayout","decl":{"start":{"line":22,"column":24},"end":{"line":22,"column":34}},"loc":{"start":{"line":22,"column":37},"end":{"line":56,"column":1}},"line":22},"1":{"name":"(anonymous_1)","decl":{"start":{"line":30,"column":12},"end":{"line":30,"column":13}},"loc":{"start":{"line":30,"column":18},"end":{"line":34,"column":3}},"line":30}},"branchMap":{"0":{"loc":{"start":{"line":31,"column":4},"end":{"line":33,"column":5}},"type":"if","locations":[{"start":{"line":31,"column":4},"end":{"line":33,"column":5}},{"start":{},"end":{}}],"line":31},"1":{"loc":{"start":{"line":36,"column":2},"end":{"line":38,"column":3}},"type":"if","locations":[{"start":{"line":36,"column":2},"end":{"line":38,"column":3}},{"start":{},"end":{}}],"line":36},"2":{"loc":{"start":{"line":45,"column":19},"end":{"line":45,"column":68}},"type":"cond-expr","locations":[{"start":{"line":45,"column":44},"end":{"line":45,"column":53}},{"start":{"line":45,"column":56},"end":{"line":45,"column":68}}],"line":45}},"s":{"0":0,"1":0,"2":0,"3":0,"4":0,"5":0,"6":0,"7":0,"8":0},"f":{"0":0,"1":0},"b":{"0":[0,0],"1":[0,0],"2":[0,0]}}
,"C:\\Users\\Admin\\OneDrive\\Desktop\\Qubited\\pms\\app\\(tabs)\\ParkYourVehicle.tsx": {"path":"C:\\Users\\Admin\\OneDrive\\Desktop\\Qubited\\pms\\app\\(tabs)\\ParkYourVehicle.tsx","statementMap":{"0":{"start":{"line":39,"column":38},"end":{"line":39,"column":42}},"1":{"start":{"line":41,"column":4},"end":{"line":41,"column":17}},"2":{"start":{"line":42,"column":4},"end":{"line":48,"column":6}},"3":{"start":{"line":52,"column":4},"end":{"line":52,"column":22}},"4":{"start":{"line":53,"column":4},"end":{"line":53,"column":22}},"5":{"start":{"line":54,"column":4},"end":{"line":54,"column":57}},"6":{"start":{"line":58,"column":4},"end":{"line":60,"column":5}},"7":{"start":{"line":59,"column":6},"end":{"line":59,"column":37}},"8":{"start":{"line":62,"column":15},"end":{"line":70,"column":3}},"9":{"start":{"line":63,"column":16},"end":{"line":63,"column":26}},"10":{"start":{"line":64,"column":17},"end":{"line":64,"column":34}},"11":{"start":{"line":65,"column":18},"end":{"line":65,"column":66}},"12":{"start":{"line":66,"column":16},"end":{"line":66,"column":57}},"13":{"start":{"line":68,"column":24},"end":{"line":68,"column":49}},"14":{"start":{"line":69,"column":4},"end":{"line":69,"column":35}},"15":{"start":{"line":71,"column":15},"end":{"line":77,"column":3}},"16":{"start":{"line":72,"column":16},"end":{"line":72,"column":26}},"17":{"start":{"line":73,"column":18},"end":{"line":73,"column":60}},"18":{"start":{"line":74,"column":20},"end":{"line":74,"column":64}},"19":{"start":{"line":75,"column":20},"end":{"line":75,"column":64}},"20":{"start":{"line":76,"column":4},"end":{"line":76,"column":69}},"21":{"start":{"line":79,"column":15},"end":{"line":127,"column":3}},"22":{"start":{"line":81,"column":6},"end":{"line":81,"column":16}},"23":{"start":{"line":83,"column":4},"end":{"line":90,"column":5}},"24":{"start":{"line":84,"column":6},"end":{"line":88,"column":8}},"25":{"start":{"line":89,"column":6},"end":{"line":89,"column":13}},"26":{"start":{"line":97,"column":8},"end":{"line":97,"column":18}},"27":{"start":{"line":98,"column":4},"end":{"line":107,"column":5}},"28":{"start":{"line":103,"column":6},"end":{"line":105,"column":9}},"29":{"start":{"line":106,"column":6},"end":{"line":106,"column":13}},"30":{"start":{"line":108,"column":31},"end":{"line":119,"column":5}},"31":{"start":{"line":120,"column":4},"end":{"line":120,"column":30}},"32":{"start":{"line":122,"column":4},"end":{"line":126,"column":7}},"33":{"start":{"line":131,"column":6},"end":{"line":131,"column":16}},"34":{"start":{"line":132,"column":4},"end":{"line":219,"column":6}},"35":{"start":{"line":135,"column":10},"end":{"line":135,"column":29}},"36":{"start":{"line":168,"column":44},"end":{"line":168,"column":78}},"37":{"start":{"line":182,"column":22},"end":{"line":182,"column":73}},"38":{"start":{"line":196,"column":22},"end":{"line":196,"column":73}},"39":{"start":{"line":209,"column":20},"end":{"line":209,"column":38}},"40":{"start":{"line":225,"column":15},"end":{"line":229,"column":2}}},"fnMap":{"0":{"name":"(anonymous_0)","decl":{"start":{"line":40,"column":2},"end":{"line":40,"column":3}},"loc":{"start":{"line":40,"column":42},"end":{"line":49,"column":3}},"line":40},"1":{"name":"(anonymous_1)","decl":{"start":{"line":51,"column":2},"end":{"line":51,"column":3}},"loc":{"start":{"line":51,"column":22},"end":{"line":55,"column":3}},"line":51},"2":{"name":"(anonymous_2)","decl":{"start":{"line":57,"column":2},"end":{"line":57,"column":3}},"loc":{"start":{"line":57,"column":25},"end":{"line":61,"column":3}},"line":57},"3":{"name":"(anonymous_3)","decl":{"start":{"line":62,"column":15},"end":{"line":62,"column":16}},"loc":{"start":{"line":62,"column":21},"end":{"line":70,"column":3}},"line":62},"4":{"name":"(anonymous_4)","decl":{"start":{"line":71,"column":15},"end":{"line":71,"column":16}},"loc":{"start":{"line":71,"column":21},"end":{"line":77,"column":3}},"line":71},"5":{"name":"(anonymous_5)","decl":{"start":{"line":79,"column":15},"end":{"line":79,"column":16}},"loc":{"start":{"line":79,"column":21},"end":{"line":127,"column":3}},"line":79},"6":{"name":"(anonymous_6)","decl":{"start":{"line":87,"column":32},"end":{"line":87,"column":33}},"loc":{"start":{"line":87,"column":38},"end":{"line":87,"column":40}},"line":87},"7":{"name":"(anonymous_7)","decl":{"start":{"line":104,"column":31},"end":{"line":104,"column":32}},"loc":{"start":{"line":104,"column":37},"end":{"line":104,"column":39}},"line":104},"8":{"name":"(anonymous_8)","decl":{"start":{"line":129,"column":2},"end":{"line":129,"column":3}},"loc":{"start":{"line":129,"column":11},"end":{"line":220,"column":3}},"line":129},"9":{"name":"(anonymous_9)","decl":{"start":{"line":134,"column":17},"end":{"line":134,"column":18}},"loc":{"start":{"line":134,"column":23},"end":{"line":136,"column":9}},"line":134},"10":{"name":"(anonymous_10)","decl":{"start":{"line":168,"column":34},"end":{"line":168,"column":35}},"loc":{"start":{"line":168,"column":44},"end":{"line":168,"column":78}},"line":168},"11":{"name":"(anonymous_11)","decl":{"start":{"line":181,"column":34},"end":{"line":181,"column":35}},"loc":{"start":{"line":182,"column":22},"end":{"line":182,"column":73}},"line":182},"12":{"name":"(anonymous_12)","decl":{"start":{"line":195,"column":34},"end":{"line":195,"column":35}},"loc":{"start":{"line":196,"column":22},"end":{"line":196,"column":73}},"line":196},"13":{"name":"(anonymous_13)","decl":{"start":{"line":208,"column":27},"end":{"line":208,"column":28}},"loc":{"start":{"line":208,"column":33},"end":{"line":210,"column":19}},"line":208}},"branchMap":{"0":{"loc":{"start":{"line":58,"column":4},"end":{"line":60,"column":5}},"type":"if","locations":[{"start":{"line":58,"column":4},"end":{"line":60,"column":5}},{"start":{},"end":{}}],"line":58},"1":{"loc":{"start":{"line":83,"column":4},"end":{"line":90,"column":5}},"type":"if","locations":[{"start":{"line":83,"column":4},"end":{"line":90,"column":5}},{"start":{},"end":{}}],"line":83},"2":{"loc":{"start":{"line":98,"column":4},"end":{"line":107,"column":5}},"type":"if","locations":[{"start":{"line":98,"column":4},"end":{"line":107,"column":5}},{"start":{},"end":{}}],"line":98},"3":{"loc":{"start":{"line":99,"column":6},"end":{"line":101,"column":32}},"type":"binary-expr","locations":[{"start":{"line":99,"column":6},"end":{"line":99,"column":28}},{"start":{"line":100,"column":6},"end":{"line":100,"column":32}},{"start":{"line":101,"column":6},"end":{"line":101,"column":32}}],"line":99},"4":{"loc":{"start":{"line":149,"column":13},"end":{"line":215,"column":13}},"type":"cond-expr","locations":[{"start":{"line":150,"column":14},"end":{"line":150,"column":31}},{"start":{"line":152,"column":14},"end":{"line":214,"column":23}}],"line":149}},"s":{"0":13,"1":13,"2":13,"3":15,"4":15,"5":15,"6":14,"7":14,"8":13,"9":16,"10":16,"11":16,"12":16,"13":16,"14":16,"15":13,"16":16,"17":16,"18":16,"19":16,"20":16,"21":13,"22":0,"23":0,"24":0,"25":0,"26":0,"27":0,"28":0,"29":0,"30":0,"31":0,"32":0,"33":37,"34":37,"35":0,"36":1,"37":2,"38":2,"39":0,"40":1},"f":{"0":13,"1":15,"2":14,"3":16,"4":16,"5":0,"6":0,"7":0,"8":37,"9":0,"10":1,"11":2,"12":2,"13":0},"b":{"0":[14,0],"1":[0,0],"2":[0,0],"3":[0,0,0],"4":[0,37]},"_coverageSchema":"1a1c01bbd47fc00a2c39e90264f33305004495a9","hash":"7234527e7e3efffff2e4df1f19e46e0e93d5db0f"}
,"C:\\Users\\Admin\\OneDrive\\Desktop\\Qubited\\pms\\app\\(tabs)\\_layout.tsx": {"path":"C:\\Users\\Admin\\OneDrive\\Desktop\\Qubited\\pms\\app\\(tabs)\\_layout.tsx","statementMap":{"0":{"start":{"line":10,"column":22},"end":{"line":10,"column":38}},"1":{"start":{"line":12,"column":2},"end":{"line":44,"column":4}},"2":{"start":{"line":27,"column":12},"end":{"line":30,"column":14}},"3":{"start":{"line":39,"column":12},"end":{"line":39,"column":79}}},"fnMap":{"0":{"name":"TabLayout","decl":{"start":{"line":9,"column":24},"end":{"line":9,"column":33}},"loc":{"start":{"line":9,"column":36},"end":{"line":45,"column":1}},"line":9},"1":{"name":"(anonymous_1)","decl":{"start":{"line":26,"column":22},"end":{"line":26,"column":23}},"loc":{"start":{"line":27,"column":12},"end":{"line":30,"column":14}},"line":27},"2":{"name":"(anonymous_2)","decl":{"start":{"line":38,"column":22},"end":{"line":38,"column":23}},"loc":{"start":{"line":39,"column":12},"end":{"line":39,"column":79}},"line":39}},"branchMap":{"0":{"loc":{"start":{"line":15,"column":38},"end":{"line":15,"column":60}},"type":"binary-expr","locations":[{"start":{"line":15,"column":38},"end":{"line":15,"column":49}},{"start":{"line":15,"column":53},"end":{"line":15,"column":60}}],"line":15},"1":{"loc":{"start":{"line":28,"column":20},"end":{"line":28,"column":53}},"type":"cond-expr","locations":[{"start":{"line":28,"column":30},"end":{"line":28,"column":36}},{"start":{"line":28,"column":39},"end":{"line":28,"column":53}}],"line":28},"2":{"loc":{"start":{"line":39,"column":30},"end":{"line":39,"column":61}},"type":"cond-expr","locations":[{"start":{"line":39,"column":40},"end":{"line":39,"column":45}},{"start":{"line":39,"column":48},"end":{"line":39,"column":61}}],"line":39}},"s":{"0":0,"1":0,"2":0,"3":0},"f":{"0":0,"1":0,"2":0},"b":{"0":[0,0],"1":[0,0],"2":[0,0]}}
,"C:\\Users\\Admin\\OneDrive\\Desktop\\Qubited\\pms\\app\\(tabs)\\index.tsx": {"path":"C:\\Users\\Admin\\OneDrive\\Desktop\\Qubited\\pms\\app\\(tabs)\\index.tsx","statementMap":{"0":{"start":{"line":31,"column":53},"end":{"line":31,"column":63}},"1":{"start":{"line":32,"column":15},"end":{"line":32,"column":19}},"2":{"start":{"line":33,"column":4},"end":{"line":36,"column":5}},"3":{"start":{"line":34,"column":6},"end":{"line":34,"column":71}},"4":{"start":{"line":34,"column":34},"end":{"line":34,"column":69}},"5":{"start":{"line":35,"column":6},"end":{"line":35,"column":62}},"6":{"start":{"line":37,"column":4},"end":{"line":37,"column":32}},"7":{"start":{"line":41,"column":51},"end":{"line":41,"column":61}},"8":{"start":{"line":42,"column":4},"end":{"line":50,"column":5}},"9":{"start":{"line":46,"column":6},"end":{"line":49,"column":8}},"10":{"start":{"line":54,"column":36},"end":{"line":54,"column":46}},"11":{"start":{"line":55,"column":4},"end":{"line":118,"column":6}},"12":{"start":{"line":69,"column":12},"end":{"line":111,"column":19}},"13":{"start":{"line":124,"column":15},"end":{"line":141,"column":2}}},"fnMap":{"0":{"name":"(anonymous_0)","decl":{"start":{"line":30,"column":2},"end":{"line":30,"column":3}},"loc":{"start":{"line":30,"column":28},"end":{"line":38,"column":3}},"line":30},"1":{"name":"(anonymous_1)","decl":{"start":{"line":34,"column":25},"end":{"line":34,"column":26}},"loc":{"start":{"line":34,"column":34},"end":{"line":34,"column":69}},"line":34},"2":{"name":"(anonymous_2)","decl":{"start":{"line":40,"column":2},"end":{"line":40,"column":3}},"loc":{"start":{"line":40,"column":56},"end":{"line":51,"column":3}},"line":40},"3":{"name":"(anonymous_3)","decl":{"start":{"line":53,"column":2},"end":{"line":53,"column":3}},"loc":{"start":{"line":53,"column":11},"end":{"line":119,"column":3}},"line":53},"4":{"name":"(anonymous_4)","decl":{"start":{"line":68,"column":22},"end":{"line":68,"column":23}},"loc":{"start":{"line":69,"column":12},"end":{"line":111,"column":19}},"line":69}},"branchMap":{"0":{"loc":{"start":{"line":33,"column":4},"end":{"line":36,"column":5}},"type":"if","locations":[{"start":{"line":33,"column":4},"end":{"line":36,"column":5}},{"start":{},"end":{}}],"line":33},"1":{"loc":{"start":{"line":42,"column":4},"end":{"line":50,"column":5}},"type":"if","locations":[{"start":{"line":42,"column":4},"end":{"line":50,"column":5}},{"start":{},"end":{}}],"line":42},"2":{"loc":{"start":{"line":43,"column":6},"end":{"line":44,"column":33}},"type":"binary-expr","locations":[{"start":{"line":43,"column":6},"end":{"line":43,"column":47}},{"start":{"line":44,"column":6},"end":{"line":44,"column":33}}],"line":43},"3":{"loc":{"start":{"line":73,"column":21},"end":{"line":73,"column":53}},"type":"cond-expr","locations":[{"start":{"line":73,"column":37},"end":{"line":73,"column":43}},{"start":{"line":73,"column":46},"end":{"line":73,"column":53}}],"line":73},"4":{"loc":{"start":{"line":77,"column":17},"end":{"line":81,"column":24}},"type":"cond-expr","locations":[{"start":{"line":78,"column":18},"end":{"line":80,"column":30}},{"start":{"line":81,"column":20},"end":{"line":81,"column":24}}],"line":77},"5":{"loc":{"start":{"line":83,"column":15},"end":{"line":110,"column":15}},"type":"binary-expr","locations":[{"start":{"line":83,"column":15},"end":{"line":83,"column":28}},{"start":{"line":84,"column":16},"end":{"line":109,"column":19}}],"line":83}},"s":{"0":3,"1":3,"2":3,"3":0,"4":0,"5":0,"6":3,"7":3,"8":3,"9":0,"10":6,"11":6,"12":30,"13":1},"f":{"0":3,"1":0,"2":3,"3":6,"4":30},"b":{"0":[0,3],"1":[0,3],"2":[3,0],"3":[15,15],"4":[15,15],"5":[30,15]},"_coverageSchema":"1a1c01bbd47fc00a2c39e90264f33305004495a9","hash":"6147a4bc6a34456d6b6e27d517b1ab4ee64a5904"}
,"C:\\Users\\Admin\\OneDrive\\Desktop\\Qubited\\pms\\components\\Collapsible.tsx": {"path":"C:\\Users\\Admin\\OneDrive\\Desktop\\Qubited\\pms\\components\\Collapsible.tsx","statementMap":{"0":{"start":{"line":10,"column":30},"end":{"line":10,"column":45}},"1":{"start":{"line":11,"column":16},"end":{"line":11,"column":43}},"2":{"start":{"line":13,"column":2},"end":{"line":28,"column":4}},"3":{"start":{"line":17,"column":23},"end":{"line":17,"column":51}},"4":{"start":{"line":17,"column":44},"end":{"line":17,"column":50}},"5":{"start":{"line":31,"column":15},"end":{"line":41,"column":2}}},"fnMap":{"0":{"name":"Collapsible","decl":{"start":{"line":9,"column":16},"end":{"line":9,"column":27}},"loc":{"start":{"line":9,"column":88},"end":{"line":29,"column":1}},"line":9},"1":{"name":"(anonymous_1)","decl":{"start":{"line":17,"column":17},"end":{"line":17,"column":18}},"loc":{"start":{"line":17,"column":23},"end":{"line":17,"column":51}},"line":17},"2":{"name":"(anonymous_2)","decl":{"start":{"line":17,"column":33},"end":{"line":17,"column":34}},"loc":{"start":{"line":17,"column":44},"end":{"line":17,"column":50}},"line":17}},"branchMap":{"0":{"loc":{"start":{"line":11,"column":16},"end":{"line":11,"column":43}},"type":"binary-expr","locations":[{"start":{"line":11,"column":16},"end":{"line":11,"column":32}},{"start":{"line":11,"column":36},"end":{"line":11,"column":43}}],"line":11},"1":{"loc":{"start":{"line":20,"column":16},"end":{"line":20,"column":67}},"type":"cond-expr","locations":[{"start":{"line":20,"column":25},"end":{"line":20,"column":39}},{"start":{"line":20,"column":42},"end":{"line":20,"column":67}}],"line":20},"2":{"loc":{"start":{"line":22,"column":17},"end":{"line":22,"column":73}},"type":"cond-expr","locations":[{"start":{"line":22,"column":37},"end":{"line":22,"column":54}},{"start":{"line":22,"column":57},"end":{"line":22,"column":73}}],"line":22},"3":{"loc":{"start":{"line":26,"column":7},"end":{"line":26,"column":75}},"type":"binary-expr","locations":[{"start":{"line":26,"column":7},"end":{"line":26,"column":13}},{"start":{"line":26,"column":17},"end":{"line":26,"column":75}}],"line":26}},"s":{"0":0,"1":0,"2":0,"3":0,"4":0,"5":0},"f":{"0":0,"1":0,"2":0},"b":{"0":[0,0],"1":[0,0],"2":[0,0],"3":[0,0]}}
,"C:\\Users\\Admin\\OneDrive\\Desktop\\Qubited\\pms\\components\\ExternalLink.tsx": {"path":"C:\\Users\\Admin\\OneDrive\\Desktop\\Qubited\\pms\\components\\ExternalLink.tsx","statementMap":{"0":{"start":{"line":9,"column":2},"end":{"line":23,"column":4}},"1":{"start":{"line":15,"column":8},"end":{"line":20,"column":9}},"2":{"start":{"line":17,"column":10},"end":{"line":17,"column":33}},"3":{"start":{"line":19,"column":10},"end":{"line":19,"column":39}}},"fnMap":{"0":{"name":"ExternalLink","decl":{"start":{"line":8,"column":16},"end":{"line":8,"column":28}},"loc":{"start":{"line":8,"column":55},"end":{"line":24,"column":1}},"line":8},"1":{"name":"(anonymous_1)","decl":{"start":{"line":14,"column":15},"end":{"line":14,"column":16}},"loc":{"start":{"line":14,"column":32},"end":{"line":21,"column":7}},"line":14}},"branchMap":{"0":{"loc":{"start":{"line":15,"column":8},"end":{"line":20,"column":9}},"type":"if","locations":[{"start":{"line":15,"column":8},"end":{"line":20,"column":9}},{"start":{},"end":{}}],"line":15}},"s":{"0":0,"1":0,"2":0,"3":0},"f":{"0":0,"1":0},"b":{"0":[0,0]}}
,"C:\\Users\\Admin\\OneDrive\\Desktop\\Qubited\\pms\\components\\HelloWave.tsx": {"path":"C:\\Users\\Admin\\OneDrive\\Desktop\\Qubited\\pms\\components\\HelloWave.tsx","statementMap":{"0":{"start":{"line":13,"column":28},"end":{"line":13,"column":45}},"1":{"start":{"line":15,"column":2},"end":{"line":18,"column":4}},"2":{"start":{"line":20,"column":24},"end":{"line":22,"column":5}},"3":{"start":{"line":20,"column":48},"end":{"line":22,"column":3}},"4":{"start":{"line":24,"column":2},"end":{"line":28,"column":4}},"5":{"start":{"line":31,"column":15},"end":{"line":37,"column":2}}},"fnMap":{"0":{"name":"HelloWave","decl":{"start":{"line":12,"column":16},"end":{"line":12,"column":25}},"loc":{"start":{"line":12,"column":28},"end":{"line":29,"column":1}},"line":12},"1":{"name":"(anonymous_1)","decl":{"start":{"line":20,"column":41},"end":{"line":20,"column":42}},"loc":{"start":{"line":20,"column":48},"end":{"line":22,"column":3}},"line":20}},"branchMap":{},"s":{"0":0,"1":0,"2":0,"3":0,"4":0,"5":0},"f":{"0":0,"1":0},"b":{}}
,"C:\\Users\\Admin\\OneDrive\\Desktop\\Qubited\\pms\\components\\ParallaxScrollView.tsx": {"path":"C:\\Users\\Admin\\OneDrive\\Desktop\\Qubited\\pms\\components\\ParallaxScrollView.tsx","statementMap":{"0":{"start":{"line":12,"column":22},"end":{"line":12,"column":25}},"1":{"start":{"line":24,"column":22},"end":{"line":24,"column":49}},"2":{"start":{"line":25,"column":20},"end":{"line":25,"column":57}},"3":{"start":{"line":26,"column":23},"end":{"line":26,"column":53}},"4":{"start":{"line":28,"column":30},"end":{"line":43,"column":4}},"5":{"start":{"line":29,"column":4},"end":{"line":42,"column":6}},"6":{"start":{"line":45,"column":2},"end":{"line":59,"column":4}},"7":{"start":{"line":62,"column":15},"end":{"line":76,"column":2}}},"fnMap":{"0":{"name":"ParallaxScrollView","decl":{"start":{"line":19,"column":24},"end":{"line":19,"column":42}},"loc":{"start":{"line":23,"column":10},"end":{"line":60,"column":1}},"line":23},"1":{"name":"(anonymous_1)","decl":{"start":{"line":28,"column":47},"end":{"line":28,"column":48}},"loc":{"start":{"line":28,"column":53},"end":{"line":43,"column":3}},"line":28}},"branchMap":{"0":{"loc":{"start":{"line":24,"column":22},"end":{"line":24,"column":49}},"type":"binary-expr","locations":[{"start":{"line":24,"column":22},"end":{"line":24,"column":38}},{"start":{"line":24,"column":42},"end":{"line":24,"column":49}}],"line":24}},"s":{"0":0,"1":0,"2":0,"3":0,"4":0,"5":0,"6":0,"7":0},"f":{"0":0,"1":0},"b":{"0":[0,0]}}
,"C:\\Users\\Admin\\OneDrive\\Desktop\\Qubited\\pms\\components\\ParkedVehicle.tsx": {"path":"C:\\Users\\Admin\\OneDrive\\Desktop\\Qubited\\pms\\components\\ParkedVehicle.tsx","statementMap":{"0":{"start":{"line":28,"column":4},"end":{"line":28,"column":17}},"1":{"start":{"line":29,"column":4},"end":{"line":33,"column":6}},"2":{"start":{"line":37,"column":30},"end":{"line":37,"column":40}},"3":{"start":{"line":38,"column":4},"end":{"line":40,"column":5}},"4":{"start":{"line":39,"column":6},"end":{"line":39,"column":13}},"5":{"start":{"line":41,"column":24},"end":{"line":41,"column":32}},"6":{"start":{"line":42,"column":24},"end":{"line":42,"column":70}},"7":{"start":{"line":43,"column":4},"end":{"line":45,"column":5}},"8":{"start":{"line":44,"column":6},"end":{"line":44,"column":13}},"9":{"start":{"line":46,"column":21},"end":{"line":46,"column":67}},"10":{"start":{"line":47,"column":18},"end":{"line":47,"column":48}},"11":{"start":{"line":48,"column":20},"end":{"line":48,"column":57}},"12":{"start":{"line":50,"column":24},"end":{"line":50,"column":26}},"13":{"start":{"line":51,"column":4},"end":{"line":53,"column":5}},"14":{"start":{"line":52,"column":6},"end":{"line":52,"column":40}},"15":{"start":{"line":54,"column":4},"end":{"line":58,"column":7}},"16":{"start":{"line":66,"column":30},"end":{"line":66,"column":40}},"17":{"start":{"line":68,"column":4},"end":{"line":76,"column":5}},"18":{"start":{"line":72,"column":6},"end":{"line":75,"column":8}},"19":{"start":{"line":79,"column":24},"end":{"line":82,"column":3}},"20":{"start":{"line":80,"column":4},"end":{"line":80,"column":51}},"21":{"start":{"line":81,"column":4},"end":{"line":81,"column":37}},"22":{"start":{"line":85,"column":30},"end":{"line":85,"column":40}},"23":{"start":{"line":87,"column":4},"end":{"line":153,"column":6}},"24":{"start":{"line":147,"column":27},"end":{"line":147,"column":53}}},"fnMap":{"0":{"name":"(anonymous_0)","decl":{"start":{"line":27,"column":2},"end":{"line":27,"column":3}},"loc":{"start":{"line":27,"column":41},"end":{"line":34,"column":3}},"line":27},"1":{"name":"(anonymous_1)","decl":{"start":{"line":36,"column":2},"end":{"line":36,"column":3}},"loc":{"start":{"line":36,"column":28},"end":{"line":59,"column":3}},"line":36},"2":{"name":"(anonymous_2)","decl":{"start":{"line":61,"column":2},"end":{"line":61,"column":3}},"loc":{"start":{"line":65,"column":4},"end":{"line":77,"column":3}},"line":65},"3":{"name":"(anonymous_3)","decl":{"start":{"line":79,"column":24},"end":{"line":79,"column":25}},"loc":{"start":{"line":79,"column":36},"end":{"line":82,"column":3}},"line":79},"4":{"name":"(anonymous_4)","decl":{"start":{"line":84,"column":2},"end":{"line":84,"column":3}},"loc":{"start":{"line":84,"column":11},"end":{"line":154,"column":3}},"line":84},"5":{"name":"(anonymous_5)","decl":{"start":{"line":147,"column":21},"end":{"line":147,"column":22}},"loc":{"start":{"line":147,"column":27},"end":{"line":147,"column":53}},"line":147}},"branchMap":{"0":{"loc":{"start":{"line":38,"column":4},"end":{"line":40,"column":5}},"type":"if","locations":[{"start":{"line":38,"column":4},"end":{"line":40,"column":5}},{"start":{},"end":{}}],"line":38},"1":{"loc":{"start":{"line":43,"column":4},"end":{"line":45,"column":5}},"type":"if","locations":[{"start":{"line":43,"column":4},"end":{"line":45,"column":5}},{"start":{},"end":{}}],"line":43},"2":{"loc":{"start":{"line":51,"column":4},"end":{"line":53,"column":5}},"type":"if","locations":[{"start":{"line":51,"column":4},"end":{"line":53,"column":5}},{"start":{},"end":{}}],"line":51},"3":{"loc":{"start":{"line":68,"column":4},"end":{"line":76,"column":5}},"type":"if","locations":[{"start":{"line":68,"column":4},"end":{"line":76,"column":5}},{"start":{},"end":{}}],"line":68},"4":{"loc":{"start":{"line":69,"column":6},"end":{"line":70,"column":47}},"type":"binary-expr","locations":[{"start":{"line":69,"column":6},"end":{"line":69,"column":33}},{"start":{"line":70,"column":6},"end":{"line":70,"column":47}}],"line":69},"5":{"loc":{"start":{"line":126,"column":15},"end":{"line":128,"column":61}},"type":"cond-expr","locations":[{"start":{"line":127,"column":18},"end":{"line":127,"column":58}},{"start":{"line":128,"column":18},"end":{"line":128,"column":61}}],"line":126}},"s":{"0":4,"1":4,"2":4,"3":4,"4":4,"5":0,"6":0,"7":0,"8":0,"9":0,"10":0,"11":0,"12":0,"13":0,"14":0,"15":0,"16":0,"17":0,"18":0,"19":4,"20":1,"21":1,"22":4,"23":4,"24":1},"f":{"0":4,"1":4,"2":0,"3":1,"4":4,"5":1},"b":{"0":[4,0],"1":[0,0],"2":[0,0],"3":[0,0],"4":[0,0],"5":[0,4]},"_coverageSchema":"1a1c01bbd47fc00a2c39e90264f33305004495a9","hash":"f3152c3063eff998c8a1d3b9881da158ccb2e559"}
,"C:\\Users\\Admin\\OneDrive\\Desktop\\Qubited\\pms\\components\\ThemedText.tsx": {"path":"C:\\Users\\Admin\\OneDrive\\Desktop\\Qubited\\pms\\components\\ThemedText.tsx","statementMap":{"0":{"start":{"line":18,"column":16},"end":{"line":18,"column":77}},"1":{"start":{"line":20,"column":2},"end":{"line":33,"column":4}},"2":{"start":{"line":36,"column":15},"end":{"line":60,"column":2}}},"fnMap":{"0":{"name":"ThemedText","decl":{"start":{"line":11,"column":16},"end":{"line":11,"column":26}},"loc":{"start":{"line":17,"column":20},"end":{"line":34,"column":1}},"line":17}},"branchMap":{"0":{"loc":{"start":{"line":15,"column":2},"end":{"line":15,"column":18}},"type":"default-arg","locations":[{"start":{"line":15,"column":9},"end":{"line":15,"column":18}}],"line":15},"1":{"loc":{"start":{"line":24,"column":8},"end":{"line":24,"column":55}},"type":"cond-expr","locations":[{"start":{"line":24,"column":29},"end":{"line":24,"column":43}},{"start":{"line":24,"column":46},"end":{"line":24,"column":55}}],"line":24},"2":{"loc":{"start":{"line":25,"column":8},"end":{"line":25,"column":51}},"type":"cond-expr","locations":[{"start":{"line":25,"column":27},"end":{"line":25,"column":39}},{"start":{"line":25,"column":42},"end":{"line":25,"column":51}}],"line":25},"3":{"loc":{"start":{"line":26,"column":8},"end":{"line":26,"column":71}},"type":"cond-expr","locations":[{"start":{"line":26,"column":37},"end":{"line":26,"column":59}},{"start":{"line":26,"column":62},"end":{"line":26,"column":71}}],"line":26},"4":{"loc":{"start":{"line":27,"column":8},"end":{"line":27,"column":57}},"type":"cond-expr","locations":[{"start":{"line":27,"column":30},"end":{"line":27,"column":45}},{"start":{"line":27,"column":48},"end":{"line":27,"column":57}}],"line":27},"5":{"loc":{"start":{"line":28,"column":8},"end":{"line":28,"column":49}},"type":"cond-expr","locations":[{"start":{"line":28,"column":26},"end":{"line":28,"column":37}},{"start":{"line":28,"column":40},"end":{"line":28,"column":49}}],"line":28}},"s":{"0":0,"1":0,"2":0},"f":{"0":0},"b":{"0":[0],"1":[0,0],"2":[0,0],"3":[0,0],"4":[0,0],"5":[0,0]}}
,"C:\\Users\\Admin\\OneDrive\\Desktop\\Qubited\\pms\\components\\ThemedView.tsx": {"path":"C:\\Users\\Admin\\OneDrive\\Desktop\\Qubited\\pms\\components\\ThemedView.tsx","statementMap":{"0":{"start":{"line":11,"column":26},"end":{"line":11,"column":93}},"1":{"start":{"line":13,"column":2},"end":{"line":13,"column":71}}},"fnMap":{"0":{"name":"ThemedView","decl":{"start":{"line":10,"column":16},"end":{"line":10,"column":26}},"loc":{"start":{"line":10,"column":93},"end":{"line":14,"column":1}},"line":10}},"branchMap":{},"s":{"0":0,"1":0},"f":{"0":0},"b":{}}
,"C:\\Users\\Admin\\OneDrive\\Desktop\\Qubited\\pms\\components\\navigation\\TabBarIcon.tsx": {"path":"C:\\Users\\Admin\\OneDrive\\Desktop\\Qubited\\pms\\components\\navigation\\TabBarIcon.tsx","statementMap":{"0":{"start":{"line":8,"column":2},"end":{"line":8,"column":80}}},"fnMap":{"0":{"name":"TabBarIcon","decl":{"start":{"line":7,"column":16},"end":{"line":7,"column":26}},"loc":{"start":{"line":7,"column":99},"end":{"line":9,"column":1}},"line":7}},"branchMap":{},"s":{"0":0},"f":{"0":0},"b":{}}
,"C:\\Users\\Admin\\OneDrive\\Desktop\\Qubited\\pms\\constants\\Colors.ts": {"path":"C:\\Users\\Admin\\OneDrive\\Desktop\\Qubited\\pms\\constants\\Colors.ts","statementMap":{"0":{"start":{"line":6,"column":23},"end":{"line":6,"column":32}},"1":{"start":{"line":7,"column":22},"end":{"line":7,"column":28}},"2":{"start":{"line":9,"column":22},"end":{"line":26,"column":1}}},"fnMap":{},"branchMap":{},"s":{"0":0,"1":0,"2":0},"f":{},"b":{}}
,"C:\\Users\\Admin\\OneDrive\\Desktop\\Qubited\\pms\\constants\\Theme.ts": {"path":"C:\\Users\\Admin\\OneDrive\\Desktop\\Qubited\\pms\\constants\\Theme.ts","statementMap":{"0":{"start":{"line":3,"column":26},"end":{"line":3,"column":50}},"1":{"start":{"line":5,"column":23},"end":{"line":5,"column":25}},"2":{"start":{"line":6,"column":21},"end":{"line":15,"column":1}},"3":{"start":{"line":16,"column":22},"end":{"line":19,"column":1}},"4":{"start":{"line":17,"column":17},"end":{"line":17,"column":36}},"5":{"start":{"line":18,"column":2},"end":{"line":18,"column":16}}},"fnMap":{"0":{"name":"(anonymous_0)","decl":{"start":{"line":16,"column":22},"end":{"line":16,"column":23}},"loc":{"start":{"line":16,"column":28},"end":{"line":19,"column":1}},"line":16}},"branchMap":{},"s":{"0":2,"1":2,"2":2,"3":2,"4":0,"5":0},"f":{"0":0},"b":{},"_coverageSchema":"1a1c01bbd47fc00a2c39e90264f33305004495a9","hash":"7144fcab8a85ee1db873d549e17ca99608b09f33"}
,"C:\\Users\\Admin\\OneDrive\\Desktop\\Qubited\\pms\\hooks\\useColorScheme.ts": {"path":"C:\\Users\\Admin\\OneDrive\\Desktop\\Qubited\\pms\\hooks\\useColorScheme.ts","statementMap":{},"fnMap":{},"branchMap":{},"s":{},"f":{},"b":{}}
,"C:\\Users\\Admin\\OneDrive\\Desktop\\Qubited\\pms\\hooks\\useColorScheme.web.ts": {"path":"C:\\Users\\Admin\\OneDrive\\Desktop\\Qubited\\pms\\hooks\\useColorScheme.web.ts","statementMap":{"0":{"start":{"line":7,"column":2},"end":{"line":7,"column":17}}},"fnMap":{"0":{"name":"useColorScheme","decl":{"start":{"line":6,"column":16},"end":{"line":6,"column":30}},"loc":{"start":{"line":6,"column":33},"end":{"line":8,"column":1}},"line":6}},"branchMap":{},"s":{"0":0},"f":{"0":0},"b":{}}
,"C:\\Users\\Admin\\OneDrive\\Desktop\\Qubited\\pms\\hooks\\useThemeColor.ts": {"path":"C:\\Users\\Admin\\OneDrive\\Desktop\\Qubited\\pms\\hooks\\useThemeColor.ts","statementMap":{"0":{"start":{"line":14,"column":16},"end":{"line":14,"column":43}},"1":{"start":{"line":15,"column":25},"end":{"line":15,"column":37}},"2":{"start":{"line":17,"column":2},"end":{"line":21,"column":3}},"3":{"start":{"line":18,"column":4},"end":{"line":18,"column":26}},"4":{"start":{"line":20,"column":4},"end":{"line":20,"column":36}}},"fnMap":{"0":{"name":"useThemeColor","decl":{"start":{"line":10,"column":16},"end":{"line":10,"column":29}},"loc":{"start":{"line":13,"column":2},"end":{"line":22,"column":1}},"line":13}},"branchMap":{"0":{"loc":{"start":{"line":14,"column":16},"end":{"line":14,"column":43}},"type":"binary-expr","locations":[{"start":{"line":14,"column":16},"end":{"line":14,"column":32}},{"start":{"line":14,"column":36},"end":{"line":14,"column":43}}],"line":14},"1":{"loc":{"start":{"line":17,"column":2},"end":{"line":21,"column":3}},"type":"if","locations":[{"start":{"line":17,"column":2},"end":{"line":21,"column":3}},{"start":{"line":19,"column":9},"end":{"line":21,"column":3}}],"line":17}},"s":{"0":0,"1":0,"2":0,"3":0,"4":0},"f":{"0":0},"b":{"0":[0,0],"1":[0,0]}}
,"C:\\Users\\Admin\\OneDrive\\Desktop\\Qubited\\pms\\libs\\data.ts": {"path":"C:\\Users\\Admin\\OneDrive\\Desktop\\Qubited\\pms\\libs\\data.ts","statementMap":{"0":{"start":{"line":13,"column":19},"end":{"line":13,"column":38}},"1":{"start":{"line":14,"column":2},"end":{"line":31,"column":4}},"2":{"start":{"line":34,"column":27},"end":{"line":38,"column":1}},"3":{"start":{"line":35,"column":2},"end":{"line":37,"column":4}},"4":{"start":{"line":36,"column":4},"end":{"line":36,"column":30}},"5":{"start":{"line":40,"column":27},"end":{"line":40,"column":49}}},"fnMap":{"0":{"name":"createRandomLot","decl":{"start":{"line":12,"column":16},"end":{"line":12,"column":31}},"loc":{"start":{"line":12,"column":53},"end":{"line":32,"column":1}},"line":12},"1":{"name":"(anonymous_1)","decl":{"start":{"line":34,"column":27},"end":{"line":34,"column":28}},"loc":{"start":{"line":34,"column":53},"end":{"line":38,"column":1}},"line":34},"2":{"name":"(anonymous_2)","decl":{"start":{"line":35,"column":39},"end":{"line":35,"column":40}},"loc":{"start":{"line":36,"column":4},"end":{"line":36,"column":30}},"line":36}},"branchMap":{"0":{"loc":{"start":{"line":18,"column":15},"end":{"line":18,"column":61}},"type":"cond-expr","locations":[{"start":{"line":18,"column":26},"end":{"line":18,"column":49}},{"start":{"line":18,"column":52},"end":{"line":18,"column":61}}],"line":18},"1":{"loc":{"start":{"line":19,"column":24},"end":{"line":21,"column":17}},"type":"cond-expr","locations":[{"start":{"line":20,"column":8},"end":{"line":20,"column":62}},{"start":{"line":21,"column":8},"end":{"line":21,"column":17}}],"line":19},"2":{"loc":{"start":{"line":22,"column":19},"end":{"line":24,"column":17}},"type":"cond-expr","locations":[{"start":{"line":23,"column":8},"end":{"line":23,"column":71}},{"start":{"line":24,"column":8},"end":{"line":24,"column":17}}],"line":22},"3":{"loc":{"start":{"line":25,"column":17},"end":{"line":27,"column":17}},"type":"cond-expr","locations":[{"start":{"line":26,"column":8},"end":{"line":26,"column":55}},{"start":{"line":27,"column":8},"end":{"line":27,"column":17}}],"line":25},"4":{"loc":{"start":{"line":28,"column":17},"end":{"line":30,"column":17}},"type":"cond-expr","locations":[{"start":{"line":29,"column":8},"end":{"line":29,"column":69}},{"start":{"line":30,"column":8},"end":{"line":30,"column":17}}],"line":28}},"s":{"0":20,"1":20,"2":1,"3":1,"4":20,"5":1},"f":{"0":20,"1":1,"2":20},"b":{"0":[10,10],"1":[10,10],"2":[10,10],"3":[10,10],"4":[10,10]},"_coverageSchema":"1a1c01bbd47fc00a2c39e90264f33305004495a9","hash":"5bea984015ab1df12cef3bf3a3572938e2455749"}
,"C:\\Users\\Admin\\OneDrive\\Desktop\\Qubited\\pms\\redux\\store.ts": {"path":"C:\\Users\\Admin\\OneDrive\\Desktop\\Qubited\\pms\\redux\\store.ts","statementMap":{"0":{"start":{"line":8,"column":16},"end":{"line":10,"column":2}},"1":{"start":{"line":11,"column":22},"end":{"line":14,"column":1}},"2":{"start":{"line":15,"column":25},"end":{"line":15,"column":63}},"3":{"start":{"line":17,"column":26},"end":{"line":25,"column":4}},"4":{"start":{"line":18,"column":2},"end":{"line":25,"column":4}},"5":{"start":{"line":21,"column":6},"end":{"line":24,"column":8}},"6":{"start":{"line":26,"column":21},"end":{"line":26,"column":33}},"7":{"start":{"line":27,"column":25},"end":{"line":27,"column":44}},"8":{"start":{"line":32,"column":30},"end":{"line":32,"column":62}},"9":{"start":{"line":32,"column":36},"end":{"line":32,"column":62}},"10":{"start":{"line":33,"column":65},"end":{"line":33,"column":76}}},"fnMap":{"0":{"name":"(anonymous_0)","decl":{"start":{"line":17,"column":26},"end":{"line":17,"column":27}},"loc":{"start":{"line":18,"column":2},"end":{"line":25,"column":4}},"line":18},"1":{"name":"(anonymous_1)","decl":{"start":{"line":20,"column":16},"end":{"line":20,"column":17}},"loc":{"start":{"line":21,"column":6},"end":{"line":24,"column":8}},"line":21},"2":{"name":"(anonymous_2)","decl":{"start":{"line":32,"column":30},"end":{"line":32,"column":31}},"loc":{"start":{"line":32,"column":36},"end":{"line":32,"column":62}},"line":32}},"branchMap":{},"s":{"0":3,"1":3,"2":3,"3":3,"4":23,"5":23,"6":3,"7":3,"8":3,"9":0,"10":3},"f":{"0":23,"1":23,"2":0},"b":{},"_coverageSchema":"1a1c01bbd47fc00a2c39e90264f33305004495a9","hash":"8d6577baab48d294d7c51e5dd49f448375ab3172"}
,"C:\\Users\\Admin\\OneDrive\\Desktop\\Qubited\\pms\\redux\\reducers\\lotsReducer.ts": {"path":"C:\\Users\\Admin\\OneDrive\\Desktop\\Qubited\\pms\\redux\\reducers\\lotsReducer.ts","statementMap":{"0":{"start":{"line":14,"column":32},"end":{"line":19,"column":1}},"1":{"start":{"line":21,"column":25},"end":{"line":75,"column":2}},"2":{"start":{"line":26,"column":6},"end":{"line":49,"column":7}},"3":{"start":{"line":27,"column":8},"end":{"line":39,"column":10}},"4":{"start":{"line":28,"column":10},"end":{"line":38,"column":17}},"5":{"start":{"line":41,"column":32},"end":{"line":45,"column":9}},"6":{"start":{"line":47,"column":8},"end":{"line":47,"column":50}},"7":{"start":{"line":48,"column":8},"end":{"line":48,"column":40}},"8":{"start":{"line":52,"column":6},"end":{"line":52,"column":51}},"9":{"start":{"line":52,"column":44},"end":{"line":52,"column":51}},"10":{"start":{"line":53,"column":26},"end":{"line":55,"column":7}},"11":{"start":{"line":57,"column":26},"end":{"line":57,"column":58}},"12":{"start":{"line":58,"column":23},"end":{"line":58,"column":79}},"13":{"start":{"line":58,"column":53},"end":{"line":58,"column":78}},"14":{"start":{"line":59,"column":6},"end":{"line":66,"column":7}},"15":{"start":{"line":60,"column":8},"end":{"line":64,"column":10}},"16":{"start":{"line":65,"column":8},"end":{"line":65,"column":72}},"17":{"start":{"line":65,"column":57},"end":{"line":65,"column":70}},"18":{"start":{"line":68,"column":6},"end":{"line":68,"column":49}},"19":{"start":{"line":71,"column":6},"end":{"line":71,"column":34}},"20":{"start":{"line":72,"column":6},"end":{"line":72,"column":70}},"21":{"start":{"line":72,"column":55},"end":{"line":72,"column":68}},"22":{"start":{"line":81,"column":4},"end":{"line":81,"column":21}},"23":{"start":{"line":83,"column":26},"end":{"line":83,"column":63}},"24":{"start":{"line":83,"column":48},"end":{"line":83,"column":63}},"25":{"start":{"line":84,"column":35},"end":{"line":85,"column":26}},"26":{"start":{"line":85,"column":2},"end":{"line":85,"column":26}},"27":{"start":{"line":87,"column":17},"end":{"line":92,"column":2}},"28":{"start":{"line":87,"column":40},"end":{"line":92,"column":1}},"29":{"start":{"line":94,"column":20},"end":{"line":98,"column":1}},"30":{"start":{"line":99,"column":36},"end":{"line":99,"column":66}}},"fnMap":{"0":{"name":"(anonymous_0)","decl":{"start":{"line":25,"column":25},"end":{"line":25,"column":26}},"loc":{"start":{"line":25,"column":36},"end":{"line":50,"column":5}},"line":25},"1":{"name":"(anonymous_1)","decl":{"start":{"line":27,"column":36},"end":{"line":27,"column":37}},"loc":{"start":{"line":28,"column":10},"end":{"line":38,"column":17}},"line":28},"2":{"name":"(anonymous_2)","decl":{"start":{"line":51,"column":25},"end":{"line":51,"column":26}},"loc":{"start":{"line":51,"column":73},"end":{"line":69,"column":5}},"line":51},"3":{"name":"(anonymous_3)","decl":{"start":{"line":58,"column":44},"end":{"line":58,"column":45}},"loc":{"start":{"line":58,"column":53},"end":{"line":58,"column":78}},"line":58},"4":{"name":"(anonymous_4)","decl":{"start":{"line":65,"column":48},"end":{"line":65,"column":49}},"loc":{"start":{"line":65,"column":57},"end":{"line":65,"column":70}},"line":65},"5":{"name":"(anonymous_5)","decl":{"start":{"line":70,"column":27},"end":{"line":70,"column":28}},"loc":{"start":{"line":70,"column":68},"end":{"line":73,"column":5}},"line":70},"6":{"name":"(anonymous_6)","decl":{"start":{"line":72,"column":46},"end":{"line":72,"column":47}},"loc":{"start":{"line":72,"column":55},"end":{"line":72,"column":68}},"line":72},"7":{"name":"(anonymous_7)","decl":{"start":{"line":83,"column":26},"end":{"line":83,"column":27}},"loc":{"start":{"line":83,"column":48},"end":{"line":83,"column":63}},"line":83},"8":{"name":"(anonymous_8)","decl":{"start":{"line":84,"column":35},"end":{"line":84,"column":36}},"loc":{"start":{"line":85,"column":2},"end":{"line":85,"column":26}},"line":85},"9":{"name":"(anonymous_9)","decl":{"start":{"line":87,"column":17},"end":{"line":87,"column":18}},"loc":{"start":{"line":87,"column":40},"end":{"line":92,"column":1}},"line":87}},"branchMap":{"0":{"loc":{"start":{"line":26,"column":6},"end":{"line":49,"column":7}},"type":"if","locations":[{"start":{"line":26,"column":6},"end":{"line":49,"column":7}},{"start":{},"end":{}}],"line":26},"1":{"loc":{"start":{"line":28,"column":10},"end":{"line":38,"column":17}},"type":"cond-expr","locations":[{"start":{"line":29,"column":14},"end":{"line":37,"column":15}},{"start":{"line":38,"column":14},"end":{"line":38,"column":17}}],"line":28},"2":{"loc":{"start":{"line":52,"column":6},"end":{"line":52,"column":51}},"type":"if","locations":[{"start":{"line":52,"column":6},"end":{"line":52,"column":51}},{"start":{},"end":{}}],"line":52},"3":{"loc":{"start":{"line":59,"column":6},"end":{"line":66,"column":7}},"type":"if","locations":[{"start":{"line":59,"column":6},"end":{"line":66,"column":7}},{"start":{},"end":{}}],"line":59}},"s":{"0":3,"1":3,"2":1,"3":0,"4":0,"5":0,"6":0,"7":0,"8":0,"9":0,"10":0,"11":0,"12":0,"13":0,"14":0,"15":0,"16":0,"17":0,"18":0,"19":3,"20":3,"21":60,"22":3,"23":3,"24":0,"25":3,"26":0,"27":3,"28":23,"29":3,"30":3},"f":{"0":1,"1":0,"2":0,"3":0,"4":0,"5":3,"6":60,"7":0,"8":0,"9":23},"b":{"0":[0,1],"1":[0,0],"2":[0,0],"3":[0,0]},"_coverageSchema":"1a1c01bbd47fc00a2c39e90264f33305004495a9","hash":"c00976a166eb939624c6635ccf9271f72c776744"}
,"C:\\Users\\Admin\\OneDrive\\Desktop\\Qubited\\pms\\scripts\\reset-project.js": {"path":"C:\\Users\\Admin\\OneDrive\\Desktop\\Qubited\\pms\\scripts\\reset-project.js","statementMap":{"0":{"start":{"line":9,"column":11},"end":{"line":9,"column":24}},"1":{"start":{"line":10,"column":13},"end":{"line":10,"column":28}},"2":{"start":{"line":12,"column":13},"end":{"line":12,"column":26}},"3":{"start":{"line":13,"column":19},"end":{"line":13,"column":41}},"4":{"start":{"line":14,"column":19},"end":{"line":14,"column":49}},"5":{"start":{"line":15,"column":22},"end":{"line":15,"column":44}},"6":{"start":{"line":17,"column":21},"end":{"line":32,"column":1}},"7":{"start":{"line":34,"column":22},"end":{"line":43,"column":1}},"8":{"start":{"line":45,"column":0},"end":{"line":73,"column":3}},"9":{"start":{"line":46,"column":2},"end":{"line":48,"column":3}},"10":{"start":{"line":47,"column":4},"end":{"line":47,"column":63}},"11":{"start":{"line":49,"column":2},"end":{"line":49,"column":45}},"12":{"start":{"line":51,"column":2},"end":{"line":72,"column":5}},"13":{"start":{"line":52,"column":4},"end":{"line":54,"column":5}},"14":{"start":{"line":53,"column":6},"end":{"line":53,"column":73}},"15":{"start":{"line":55,"column":4},"end":{"line":55,"column":47}},"16":{"start":{"line":57,"column":22},"end":{"line":57,"column":59}},"17":{"start":{"line":58,"column":4},"end":{"line":71,"column":7}},"18":{"start":{"line":59,"column":6},"end":{"line":61,"column":7}},"19":{"start":{"line":60,"column":8},"end":{"line":60,"column":67}},"20":{"start":{"line":62,"column":6},"end":{"line":62,"column":44}},"21":{"start":{"line":64,"column":25},"end":{"line":64,"column":64}},"22":{"start":{"line":65,"column":6},"end":{"line":70,"column":9}},"23":{"start":{"line":66,"column":8},"end":{"line":68,"column":9}},"24":{"start":{"line":67,"column":10},"end":{"line":67,"column":71}},"25":{"start":{"line":69,"column":8},"end":{"line":69,"column":48}}},"fnMap":{"0":{"name":"(anonymous_0)","decl":{"start":{"line":45,"column":34},"end":{"line":45,"column":35}},"loc":{"start":{"line":45,"column":45},"end":{"line":73,"column":1}},"line":45},"1":{"name":"(anonymous_1)","decl":{"start":{"line":51,"column":47},"end":{"line":51,"column":48}},"loc":{"start":{"line":51,"column":58},"end":{"line":72,"column":3}},"line":51},"2":{"name":"(anonymous_2)","decl":{"start":{"line":58,"column":42},"end":{"line":58,"column":43}},"loc":{"start":{"line":58,"column":53},"end":{"line":71,"column":5}},"line":58},"3":{"name":"(anonymous_3)","decl":{"start":{"line":65,"column":46},"end":{"line":65,"column":47}},"loc":{"start":{"line":65,"column":57},"end":{"line":70,"column":7}},"line":65}},"branchMap":{"0":{"loc":{"start":{"line":46,"column":2},"end":{"line":48,"column":3}},"type":"if","locations":[{"start":{"line":46,"column":2},"end":{"line":48,"column":3}},{"start":{},"end":{}}],"line":46},"1":{"loc":{"start":{"line":52,"column":4},"end":{"line":54,"column":5}},"type":"if","locations":[{"start":{"line":52,"column":4},"end":{"line":54,"column":5}},{"start":{},"end":{}}],"line":52},"2":{"loc":{"start":{"line":59,"column":6},"end":{"line":61,"column":7}},"type":"if","locations":[{"start":{"line":59,"column":6},"end":{"line":61,"column":7}},{"start":{},"end":{}}],"line":59},"3":{"loc":{"start":{"line":66,"column":8},"end":{"line":68,"column":9}},"type":"if","locations":[{"start":{"line":66,"column":8},"end":{"line":68,"column":9}},{"start":{},"end":{}}],"line":66}},"s":{"0":0,"1":0,"2":0,"3":0,"4":0,"5":0,"6":0,"7":0,"8":0,"9":0,"10":0,"11":0,"12":0,"13":0,"14":0,"15":0,"16":0,"17":0,"18":0,"19":0,"20":0,"21":0,"22":0,"23":0,"24":0,"25":0},"f":{"0":0,"1":0,"2":0,"3":0},"b":{"0":[0,0],"1":[0,0],"2":[0,0],"3":[0,0]}}
,"C:\\Users\\Admin\\OneDrive\\Desktop\\Qubited\\pms\\utils\\test-utils.tsx": {"path":"C:\\Users\\Admin\\OneDrive\\Desktop\\Qubited\\pms\\utils\\test-utils.tsx","statementMap":{"0":{"start":{"line":36,"column":6},"end":{"line":36,"column":27}},"1":{"start":{"line":38,"column":18},"end":{"line":54,"column":3}},"2":{"start":{"line":39,"column":24},"end":{"line":39,"column":40}},"3":{"start":{"line":41,"column":4},"end":{"line":53,"column":6}},"4":{"start":{"line":57,"column":2},"end":{"line":60,"column":4}}},"fnMap":{"0":{"name":"renderWithProviders","decl":{"start":{"line":27,"column":16},"end":{"line":27,"column":35}},"loc":{"start":{"line":30,"column":2},"end":{"line":61,"column":1}},"line":30},"1":{"name":"(anonymous_1)","decl":{"start":{"line":38,"column":18},"end":{"line":38,"column":19}},"loc":{"start":{"line":38,"column":55},"end":{"line":54,"column":3}},"line":38}},"branchMap":{"0":{"loc":{"start":{"line":29,"column":2},"end":{"line":29,"column":51}},"type":"default-arg","locations":[{"start":{"line":29,"column":49},"end":{"line":29,"column":51}}],"line":29},"1":{"loc":{"start":{"line":32,"column":4},"end":{"line":32,"column":23}},"type":"default-arg","locations":[{"start":{"line":32,"column":21},"end":{"line":32,"column":23}}],"line":32},"2":{"loc":{"start":{"line":34,"column":4},"end":{"line":34,"column":24}},"type":"default-arg","locations":[{"start":{"line":34,"column":12},"end":{"line":34,"column":24}}],"line":34},"3":{"loc":{"start":{"line":46,"column":21},"end":{"line":46,"column":70}},"type":"cond-expr","locations":[{"start":{"line":46,"column":46},"end":{"line":46,"column":55}},{"start":{"line":46,"column":58},"end":{"line":46,"column":70}}],"line":46}},"s":{"0":20,"1":20,"2":20,"3":20,"4":20},"f":{"0":20,"1":20},"b":{"0":[20],"1":[20],"2":[20],"3":[0,20]},"_coverageSchema":"1a1c01bbd47fc00a2c39e90264f33305004495a9","hash":"68ac52ce36b50d9a7cdb0a3859b333dfcbfe5461"}
}
