TN:
SF:tamagui.config.ts
FNF:0
FNH:0
DA:4,3
LF:1
LH:1
BRF:0
BRH:0
end_of_record
TN:
SF:app\+html.tsx
FN:8,Root
FNF:1
FNH:0
FNDA:0,Root
DA:9,0
DA:31,0
LF:2
LH:0
BRF:0
BRH:0
end_of_record
TN:
SF:app\+not-found.tsx
FN:7,NotFoundScreen
FNF:1
FNH:0
FNDA:0,NotFoundScreen
DA:8,0
DA:21,0
LF:2
LH:0
BRF:0
BRH:0
end_of_record
TN:
SF:app\_layout.tsx
FN:22,RootLayout
FN:30,(anonymous_1)
FNF:2
FNH:0
FNDA:0,RootLayout
FNDA:0,(anonymous_1)
DA:20,0
DA:23,0
DA:24,0
DA:30,0
DA:31,0
DA:32,0
DA:36,0
DA:37,0
DA:40,0
LF:9
LH:0
BRDA:31,0,0,0
BRDA:31,0,1,0
BRDA:36,1,0,0
BRDA:36,1,1,0
BRDA:45,2,0,0
BRDA:45,2,1,0
BRF:6
BRH:0
end_of_record
TN:
SF:app\(tabs)\ParkYourVehicle.tsx
FN:40,(anonymous_0)
FN:51,(anonymous_1)
FN:57,(anonymous_2)
FN:62,(anonymous_3)
FN:71,(anonymous_4)
FN:79,(anonymous_5)
FN:87,(anonymous_6)
FN:104,(anonymous_7)
FN:129,(anonymous_8)
FN:134,(anonymous_9)
FN:168,(anonymous_10)
FN:181,(anonymous_11)
FN:195,(anonymous_12)
FN:208,(anonymous_13)
FNF:14
FNH:9
FNDA:13,(anonymous_0)
FNDA:15,(anonymous_1)
FNDA:14,(anonymous_2)
FNDA:16,(anonymous_3)
FNDA:16,(anonymous_4)
FNDA:0,(anonymous_5)
FNDA:0,(anonymous_6)
FNDA:0,(anonymous_7)
FNDA:37,(anonymous_8)
FNDA:0,(anonymous_9)
FNDA:1,(anonymous_10)
FNDA:2,(anonymous_11)
FNDA:2,(anonymous_12)
FNDA:0,(anonymous_13)
DA:39,13
DA:41,13
DA:42,13
DA:52,15
DA:53,15
DA:54,15
DA:58,14
DA:59,14
DA:62,13
DA:63,16
DA:64,16
DA:65,16
DA:66,16
DA:68,16
DA:69,16
DA:71,13
DA:72,16
DA:73,16
DA:74,16
DA:75,16
DA:76,16
DA:79,13
DA:81,0
DA:83,0
DA:84,0
DA:89,0
DA:97,0
DA:98,0
DA:103,0
DA:106,0
DA:108,0
DA:120,0
DA:122,0
DA:131,37
DA:132,37
DA:135,0
DA:168,1
DA:182,2
DA:196,2
DA:209,0
DA:225,1
LF:41
LH:28
BRDA:58,0,0,14
BRDA:58,0,1,0
BRDA:83,1,0,0
BRDA:83,1,1,0
BRDA:98,2,0,0
BRDA:98,2,1,0
BRDA:99,3,0,0
BRDA:99,3,1,0
BRDA:99,3,2,0
BRDA:149,4,0,0
BRDA:149,4,1,37
BRF:11
BRH:2
end_of_record
TN:
SF:app\(tabs)\_layout.tsx
FN:9,TabLayout
FN:26,(anonymous_1)
FN:38,(anonymous_2)
FNF:3
FNH:0
FNDA:0,TabLayout
FNDA:0,(anonymous_1)
FNDA:0,(anonymous_2)
DA:10,0
DA:12,0
DA:27,0
DA:39,0
LF:4
LH:0
BRDA:15,0,0,0
BRDA:15,0,1,0
BRDA:28,1,0,0
BRDA:28,1,1,0
BRDA:39,2,0,0
BRDA:39,2,1,0
BRF:6
BRH:0
end_of_record
TN:
SF:app\(tabs)\index.tsx
FN:30,(anonymous_0)
FN:34,(anonymous_1)
FN:40,(anonymous_2)
FN:53,(anonymous_3)
FN:68,(anonymous_4)
FNF:5
FNH:4
FNDA:3,(anonymous_0)
FNDA:0,(anonymous_1)
FNDA:3,(anonymous_2)
FNDA:6,(anonymous_3)
FNDA:30,(anonymous_4)
DA:31,3
DA:32,3
DA:33,3
DA:34,0
DA:35,0
DA:37,3
DA:41,3
DA:42,3
DA:46,0
DA:54,6
DA:55,6
DA:69,30
DA:124,1
LF:13
LH:10
BRDA:33,0,0,0
BRDA:33,0,1,3
BRDA:42,1,0,0
BRDA:42,1,1,3
BRDA:43,2,0,3
BRDA:43,2,1,0
BRDA:73,3,0,15
BRDA:73,3,1,15
BRDA:77,4,0,15
BRDA:77,4,1,15
BRDA:83,5,0,30
BRDA:83,5,1,15
BRF:12
BRH:9
end_of_record
TN:
SF:components\Collapsible.tsx
FN:9,Collapsible
FN:17,(anonymous_1)
FN:17,(anonymous_2)
FNF:3
FNH:0
FNDA:0,Collapsible
FNDA:0,(anonymous_1)
FNDA:0,(anonymous_2)
DA:10,0
DA:11,0
DA:13,0
DA:17,0
DA:31,0
LF:5
LH:0
BRDA:11,0,0,0
BRDA:11,0,1,0
BRDA:20,1,0,0
BRDA:20,1,1,0
BRDA:22,2,0,0
BRDA:22,2,1,0
BRDA:26,3,0,0
BRDA:26,3,1,0
BRF:8
BRH:0
end_of_record
TN:
SF:components\ExternalLink.tsx
FN:8,ExternalLink
FN:14,(anonymous_1)
FNF:2
FNH:0
FNDA:0,ExternalLink
FNDA:0,(anonymous_1)
DA:9,0
DA:15,0
DA:17,0
DA:19,0
LF:4
LH:0
BRDA:15,0,0,0
BRDA:15,0,1,0
BRF:2
BRH:0
end_of_record
TN:
SF:components\HelloWave.tsx
FN:12,HelloWave
FN:20,(anonymous_1)
FNF:2
FNH:0
FNDA:0,HelloWave
FNDA:0,(anonymous_1)
DA:13,0
DA:15,0
DA:20,0
DA:24,0
DA:31,0
LF:5
LH:0
BRF:0
BRH:0
end_of_record
TN:
SF:components\ParallaxScrollView.tsx
FN:19,ParallaxScrollView
FN:28,(anonymous_1)
FNF:2
FNH:0
FNDA:0,ParallaxScrollView
FNDA:0,(anonymous_1)
DA:12,0
DA:24,0
DA:25,0
DA:26,0
DA:28,0
DA:29,0
DA:45,0
DA:62,0
LF:8
LH:0
BRDA:24,0,0,0
BRDA:24,0,1,0
BRF:2
BRH:0
end_of_record
TN:
SF:components\ParkedVehicle.tsx
FN:27,(anonymous_0)
FN:36,(anonymous_1)
FN:61,(anonymous_2)
FN:79,(anonymous_3)
FN:84,(anonymous_4)
FN:147,(anonymous_5)
FNF:6
FNH:5
FNDA:4,(anonymous_0)
FNDA:4,(anonymous_1)
FNDA:0,(anonymous_2)
FNDA:1,(anonymous_3)
FNDA:4,(anonymous_4)
FNDA:1,(anonymous_5)
DA:28,4
DA:29,4
DA:37,4
DA:38,4
DA:39,4
DA:41,0
DA:42,0
DA:43,0
DA:44,0
DA:46,0
DA:47,0
DA:48,0
DA:50,0
DA:51,0
DA:52,0
DA:54,0
DA:66,0
DA:68,0
DA:72,0
DA:79,4
DA:80,1
DA:81,1
DA:85,4
DA:87,4
DA:147,1
LF:25
LH:11
BRDA:38,0,0,4
BRDA:38,0,1,0
BRDA:43,1,0,0
BRDA:43,1,1,0
BRDA:51,2,0,0
BRDA:51,2,1,0
BRDA:68,3,0,0
BRDA:68,3,1,0
BRDA:69,4,0,0
BRDA:69,4,1,0
BRDA:126,5,0,0
BRDA:126,5,1,4
BRF:12
BRH:2
end_of_record
TN:
SF:components\ThemedText.tsx
FN:11,ThemedText
FNF:1
FNH:0
FNDA:0,ThemedText
DA:18,0
DA:20,0
DA:36,0
LF:3
LH:0
BRDA:15,0,0,0
BRDA:24,1,0,0
BRDA:24,1,1,0
BRDA:25,2,0,0
BRDA:25,2,1,0
BRDA:26,3,0,0
BRDA:26,3,1,0
BRDA:27,4,0,0
BRDA:27,4,1,0
BRDA:28,5,0,0
BRDA:28,5,1,0
BRF:11
BRH:0
end_of_record
TN:
SF:components\ThemedView.tsx
FN:10,ThemedView
FNF:1
FNH:0
FNDA:0,ThemedView
DA:11,0
DA:13,0
LF:2
LH:0
BRF:0
BRH:0
end_of_record
TN:
SF:components\navigation\TabBarIcon.tsx
FN:7,TabBarIcon
FNF:1
FNH:0
FNDA:0,TabBarIcon
DA:8,0
LF:1
LH:0
BRF:0
BRH:0
end_of_record
TN:
SF:constants\Colors.ts
FNF:0
FNH:0
DA:6,0
DA:7,0
DA:9,0
LF:3
LH:0
BRF:0
BRH:0
end_of_record
TN:
SF:constants\Theme.ts
FN:16,(anonymous_0)
FNF:1
FNH:0
FNDA:0,(anonymous_0)
DA:3,2
DA:5,2
DA:6,2
DA:16,2
DA:17,0
DA:18,0
LF:6
LH:4
BRF:0
BRH:0
end_of_record
TN:
SF:hooks\useColorScheme.ts
FNF:0
FNH:0
LF:0
LH:0
BRF:0
BRH:0
end_of_record
TN:
SF:hooks\useColorScheme.web.ts
FN:6,useColorScheme
FNF:1
FNH:0
FNDA:0,useColorScheme
DA:7,0
LF:1
LH:0
BRF:0
BRH:0
end_of_record
TN:
SF:hooks\useThemeColor.ts
FN:10,useThemeColor
FNF:1
FNH:0
FNDA:0,useThemeColor
DA:14,0
DA:15,0
DA:17,0
DA:18,0
DA:20,0
LF:5
LH:0
BRDA:14,0,0,0
BRDA:14,0,1,0
BRDA:17,1,0,0
BRDA:17,1,1,0
BRF:4
BRH:0
end_of_record
TN:
SF:libs\data.ts
FN:12,createRandomLot
FN:34,(anonymous_1)
FN:35,(anonymous_2)
FNF:3
FNH:3
FNDA:20,createRandomLot
FNDA:1,(anonymous_1)
FNDA:20,(anonymous_2)
DA:13,20
DA:14,20
DA:34,1
DA:35,1
DA:36,20
DA:40,1
LF:6
LH:6
BRDA:18,0,0,10
BRDA:18,0,1,10
BRDA:19,1,0,10
BRDA:19,1,1,10
BRDA:22,2,0,10
BRDA:22,2,1,10
BRDA:25,3,0,10
BRDA:25,3,1,10
BRDA:28,4,0,10
BRDA:28,4,1,10
BRF:10
BRH:10
end_of_record
TN:
SF:redux\store.ts
FN:17,(anonymous_0)
FN:20,(anonymous_1)
FN:32,(anonymous_2)
FNF:3
FNH:2
FNDA:23,(anonymous_0)
FNDA:23,(anonymous_1)
FNDA:0,(anonymous_2)
DA:8,3
DA:11,3
DA:15,3
DA:17,3
DA:18,23
DA:21,23
DA:26,3
DA:27,3
DA:32,3
DA:33,3
LF:10
LH:10
BRF:0
BRH:0
end_of_record
TN:
SF:redux\reducers\lotsReducer.ts
FN:25,(anonymous_0)
FN:27,(anonymous_1)
FN:51,(anonymous_2)
FN:58,(anonymous_3)
FN:65,(anonymous_4)
FN:70,(anonymous_5)
FN:72,(anonymous_6)
FN:83,(anonymous_7)
FN:84,(anonymous_8)
FN:87,(anonymous_9)
FNF:10
FNH:4
FNDA:1,(anonymous_0)
FNDA:0,(anonymous_1)
FNDA:0,(anonymous_2)
FNDA:0,(anonymous_3)
FNDA:0,(anonymous_4)
FNDA:3,(anonymous_5)
FNDA:60,(anonymous_6)
FNDA:0,(anonymous_7)
FNDA:0,(anonymous_8)
FNDA:23,(anonymous_9)
DA:14,3
DA:21,3
DA:26,1
DA:27,0
DA:28,0
DA:41,0
DA:47,0
DA:48,0
DA:52,0
DA:53,0
DA:57,0
DA:58,0
DA:59,0
DA:60,0
DA:65,0
DA:68,0
DA:71,3
DA:72,60
DA:81,3
DA:83,3
DA:84,3
DA:85,0
DA:87,23
DA:94,3
DA:99,3
LF:25
LH:11
BRDA:26,0,0,0
BRDA:26,0,1,1
BRDA:28,1,0,0
BRDA:28,1,1,0
BRDA:52,2,0,0
BRDA:52,2,1,0
BRDA:59,3,0,0
BRDA:59,3,1,0
BRF:8
BRH:1
end_of_record
TN:
SF:scripts\reset-project.js
FN:45,(anonymous_0)
FN:51,(anonymous_1)
FN:58,(anonymous_2)
FN:65,(anonymous_3)
FNF:4
FNH:0
FNDA:0,(anonymous_0)
FNDA:0,(anonymous_1)
FNDA:0,(anonymous_2)
FNDA:0,(anonymous_3)
DA:9,0
DA:10,0
DA:12,0
DA:13,0
DA:14,0
DA:15,0
DA:17,0
DA:34,0
DA:45,0
DA:46,0
DA:47,0
DA:49,0
DA:51,0
DA:52,0
DA:53,0
DA:55,0
DA:57,0
DA:58,0
DA:59,0
DA:60,0
DA:62,0
DA:64,0
DA:65,0
DA:66,0
DA:67,0
DA:69,0
LF:26
LH:0
BRDA:46,0,0,0
BRDA:46,0,1,0
BRDA:52,1,0,0
BRDA:52,1,1,0
BRDA:59,2,0,0
BRDA:59,2,1,0
BRDA:66,3,0,0
BRDA:66,3,1,0
BRF:8
BRH:0
end_of_record
TN:
SF:utils\test-utils.tsx
FN:27,renderWithProviders
FN:38,(anonymous_1)
FNF:2
FNH:2
FNDA:20,renderWithProviders
FNDA:20,(anonymous_1)
DA:36,20
DA:38,20
DA:39,20
DA:41,20
DA:57,20
LF:5
LH:5
BRDA:29,0,0,20
BRDA:32,1,0,20
BRDA:34,2,0,20
BRDA:46,3,0,0
BRDA:46,3,1,20
BRF:5
BRH:4
end_of_record
